<?xml version="1.0" encoding="UTF-8"?>
<testsuite xmlns:xsi="http://www.w3.org/2001/XMLSchema-instance" xsi:noNamespaceSchemaLocation="https://maven.apache.org/surefire/maven-surefire-plugin/xsd/surefire-test-report-3.0.xsd" version="3.0" name="com.exemplo.biblioteca.AppTest" time="0.147" tests="4" errors="0" skipped="0" failures="0">
  <properties>
[...]
</properties>
  <testcase name="testInicializarBiblioteca" classname="com.exemplo.biblioteca.AppTest" time="0.049">
    <system-out><![CDATA[Executando configuração antes de todos os testes.
]]></system-out>
  </testcase>
  <testcase name="testEmprestarLivro" classname="com.exemplo.biblioteca.AppTest" time="0.004"/>
  <testcase name="testListarLivros" classname="com.exemplo.biblioteca.AppTest" time="0.005">
    <system-out><![CDATA[Livro{titulo='O Senhor dos Anéis', autor='J.R.R. Tolkien', disponivel=true}
Livro{titulo='1984', autor='George Orwell', disponivel=false}
]]></system-out>
  </testcase>
  <testcase name="testDevolverLivro" classname="com.exemplo.biblioteca.AppTest" time="0.006">
    <system-out><![CDATA[Livro não disponível
]]></system-out>
  </testcase>
</testsuite>